<?xml version="1.0" encoding="UTF-8"?>
<testng-results skipped="0" failed="0" ignored="0" total="1" passed="1">
  <reporter-output>
  </reporter-output>
  <suite name="Default suite" duration-ms="17705" started-at="2020-10-28T08:18:35 IST" finished-at="2020-10-28T08:18:53 IST">
    <groups>
    </groups>
    <test name="Default test" duration-ms="17705" started-at="2020-10-28T08:18:35 IST" finished-at="2020-10-28T08:18:53 IST">
      <class name="SauceDemo.TestScript.Loginpage">
        <test-method status="PASS" signature="Setup()[pri:0, instance:SauceDemo.TestScript.Loginpage@32d2fa64]" name="Setup" is-config="true" duration-ms="8644" started-at="2020-10-28T08:18:35 IST" finished-at="2020-10-28T08:18:44 IST">
          <reporter-output>
          </reporter-output>
        </test-method> <!-- Setup -->
        <test-method status="PASS" signature="Validlogin(java.lang.String, java.lang.String)[pri:0, instance:SauceDemo.TestScript.Loginpage@32d2fa64]" name="Validlogin" duration-ms="7974" started-at="2020-10-28T08:18:45 IST" data-provider="c1" finished-at="2020-10-28T08:18:53 IST">
          <params>
            <param index="0">
              <value>
                <![CDATA[standard_user]]>
              </value>
            </param>
            <param index="1">
              <value>
                <![CDATA[secret_sauce]]>
              </value>
            </param>
          </params>
          <reporter-output>
          </reporter-output>
        </test-method> <!-- Validlogin -->
        <test-method status="PASS" signature="TearDown()[pri:0, instance:SauceDemo.TestScript.Loginpage@32d2fa64]" name="TearDown" is-config="true" duration-ms="60" started-at="2020-10-28T08:18:53 IST" finished-at="2020-10-28T08:18:53 IST">
          <reporter-output>
          </reporter-output>
        </test-method> <!-- TearDown -->
      </class> <!-- SauceDemo.TestScript.Loginpage -->
    </test> <!-- Default test -->
  </suite> <!-- Default suite -->
</testng-results>
